Using pre-set license
Built from '2020.3/staging' branch; Version is '2020.3.11f1 (99c7afb366b3) revision 10078127'; Using compiler version '192528614'; Build Type 'Release'
OS: 'Windows 10 Home Single Language; OS build 19044.1620; Version 2009; 64bit' Language: 'en' Physical Memory: 8001 MB
BatchMode: 1, IsHumanControllingUs: 0, StartBugReporterOnCrash: 0, Is64bit: 1, IsPro: 0

 COMMAND LINE ARGUMENTS:
C:\Program Files\2020.3.11f1\Editor\Unity.exe
-adb2
-batchMode
-noUpm
-name
AssetImportWorker0
-projectPath
D:/Work/SwipeMenu
-logFile
Logs/AssetImportWorker0.log
-srvPort
49277
Successfully changed project path to: D:/Work/SwipeMenu
D:/Work/SwipeMenu
Using Asset Import Pipeline V2.
Refreshing native plugins compatible for Editor in 34.81 ms, found 2 plugins.
Preloading 0 native plugins for Editor in 0.00 ms.
Initialize engine version: 2020.3.11f1 (99c7afb366b3)
[Subsystems] Discovering subsystems at path C:/Program Files/2020.3.11f1/Editor/Data/Resources/UnitySubsystems
[Subsystems] Discovering subsystems at path D:/Work/SwipeMenu/Assets
GfxDevice: creating device client; threaded=0
Direct3D:
    Version:  Direct3D 11.0 [level 11.1]
    Renderer: Radeon RX 560X (ID=0x67ef)
    Vendor:   
    VRAM:     4077 MB
    Driver:   26.20.12036.4002
Initialize mono
Mono path[0] = 'C:/Program Files/2020.3.11f1/Editor/Data/Managed'
Mono path[1] = 'C:/Program Files/2020.3.11f1/Editor/Data/MonoBleedingEdge/lib/mono/unityjit'
Mono config path = 'C:/Program Files/2020.3.11f1/Editor/Data/MonoBleedingEdge/etc'
Using monoOptions --debugger-agent=transport=dt_socket,embedding=1,server=y,suspend=n,address=127.0.0.1:56896
Begin MonoManager ReloadAssembly
Registering precompiled unity dll's ...
Register platform support module: C:/Program Files/2020.3.11f1/Editor/Data/PlaybackEngines/WindowsStandaloneSupport/UnityEditor.WindowsStandalone.Extensions.dll
Registered in 0.002829 seconds.
Native extension for WindowsStandalone target not found
Refreshing native plugins compatible for Editor in 35.21 ms, found 2 plugins.
Preloading 0 native plugins for Editor in 0.00 ms.
Mono: successfully reloaded assembly
- Completed reload, in  8.261 seconds
Platform modules already initialized, skipping
Registering precompiled user dll's ...
Registered in 0.007196 seconds.
Begin MonoManager ReloadAssembly
Native extension for WindowsStandalone target not found
Refreshing native plugins compatible for Editor in 0.40 ms, found 2 plugins.
Preloading 0 native plugins for Editor in 0.00 ms.
Mono: successfully reloaded assembly
- Completed reload, in  1.396 seconds
Platform modules already initialized, skipping
========================================================================
Worker process is ready to serve import requests
Launched and connected shader compiler UnityShaderCompiler.exe after 0.06 seconds
Refreshing native plugins compatible for Editor in 0.34 ms, found 2 plugins.
Preloading 0 native plugins for Editor in 0.00 ms.
Unloading 1387 Unused Serialized files (Serialized files now loaded: 0)
System memory in use before: 64.7 MB.
System memory in use after: 64.8 MB.

Unloading 19 unused Assets to reduce memory usage. Loaded Objects now: 1821.
Total: 2.605500 ms (FindLiveObjects: 0.202800 ms CreateObjectMapping: 0.044900 ms MarkObjects: 2.235900 ms  DeleteObjects: 0.119600 ms)

========================================================================
Received Prepare
Registering precompiled user dll's ...
Registered in 0.004045 seconds.
Begin MonoManager ReloadAssembly
Native extension for WindowsStandalone target not found
Refreshing native plugins compatible for Editor in 0.36 ms, found 2 plugins.
Preloading 0 native plugins for Editor in 0.00 ms.
Mono: successfully reloaded assembly
- Completed reload, in  1.326 seconds
Platform modules already initialized, skipping
Refreshing native plugins compatible for Editor in 0.38 ms, found 2 plugins.
Preloading 0 native plugins for Editor in 0.00 ms.
Unloading 1382 Unused Serialized files (Serialized files now loaded: 0)
System memory in use before: 64.7 MB.
System memory in use after: 64.7 MB.

Unloading 14 unused Assets to reduce memory usage. Loaded Objects now: 1824.
Total: 2.683000 ms (FindLiveObjects: 0.198300 ms CreateObjectMapping: 0.045100 ms MarkObjects: 2.359900 ms  DeleteObjects: 0.077900 ms)

========================================================================
Received Prepare
Registering precompiled user dll's ...
Registered in 0.003207 seconds.
Begin MonoManager ReloadAssembly
Native extension for WindowsStandalone target not found
Refreshing native plugins compatible for Editor in 0.54 ms, found 2 plugins.
Preloading 0 native plugins for Editor in 0.00 ms.
Mono: successfully reloaded assembly
- Completed reload, in  1.316 seconds
Platform modules already initialized, skipping
Refreshing native plugins compatible for Editor in 0.36 ms, found 2 plugins.
Preloading 0 native plugins for Editor in 0.00 ms.
Unloading 1382 Unused Serialized files (Serialized files now loaded: 0)
System memory in use before: 64.7 MB.
System memory in use after: 64.8 MB.

Unloading 14 unused Assets to reduce memory usage. Loaded Objects now: 1827.
Total: 2.973600 ms (FindLiveObjects: 0.350200 ms CreateObjectMapping: 0.114800 ms MarkObjects: 2.407800 ms  DeleteObjects: 0.097600 ms)

========================================================================
Received Prepare
Registering precompiled user dll's ...
Registered in 0.003222 seconds.
Begin MonoManager ReloadAssembly
Native extension for WindowsStandalone target not found
Refreshing native plugins compatible for Editor in 0.36 ms, found 2 plugins.
Preloading 0 native plugins for Editor in 0.00 ms.
Mono: successfully reloaded assembly
- Completed reload, in  1.257 seconds
Platform modules already initialized, skipping
Refreshing native plugins compatible for Editor in 0.39 ms, found 2 plugins.
Preloading 0 native plugins for Editor in 0.00 ms.
Unloading 1382 Unused Serialized files (Serialized files now loaded: 0)
System memory in use before: 64.7 MB.
System memory in use after: 64.8 MB.

Unloading 14 unused Assets to reduce memory usage. Loaded Objects now: 1830.
Total: 2.848500 ms (FindLiveObjects: 0.199000 ms CreateObjectMapping: 0.044500 ms MarkObjects: 2.520900 ms  DeleteObjects: 0.082300 ms)

========================================================================
Received Prepare
Registering precompiled user dll's ...
Registered in 0.006318 seconds.
Begin MonoManager ReloadAssembly
Native extension for WindowsStandalone target not found
Refreshing native plugins compatible for Editor in 0.36 ms, found 2 plugins.
Preloading 0 native plugins for Editor in 0.00 ms.
Mono: successfully reloaded assembly
- Completed reload, in  1.243 seconds
Platform modules already initialized, skipping
Refreshing native plugins compatible for Editor in 0.40 ms, found 2 plugins.
Preloading 0 native plugins for Editor in 0.00 ms.
Unloading 1382 Unused Serialized files (Serialized files now loaded: 0)
System memory in use before: 64.7 MB.
System memory in use after: 64.8 MB.

Unloading 14 unused Assets to reduce memory usage. Loaded Objects now: 1833.
Total: 2.412600 ms (FindLiveObjects: 0.200300 ms CreateObjectMapping: 0.036900 ms MarkObjects: 2.098000 ms  DeleteObjects: 0.075600 ms)

========================================================================
Received Prepare
Registering precompiled user dll's ...
Registered in 0.003014 seconds.
Begin MonoManager ReloadAssembly
Native extension for WindowsStandalone target not found
Refreshing native plugins compatible for Editor in 0.39 ms, found 2 plugins.
Preloading 0 native plugins for Editor in 0.00 ms.
Mono: successfully reloaded assembly
- Completed reload, in  1.288 seconds
Platform modules already initialized, skipping
Refreshing native plugins compatible for Editor in 0.36 ms, found 2 plugins.
Preloading 0 native plugins for Editor in 0.00 ms.
Unloading 1382 Unused Serialized files (Serialized files now loaded: 0)
System memory in use before: 64.7 MB.
System memory in use after: 64.8 MB.

Unloading 14 unused Assets to reduce memory usage. Loaded Objects now: 1836.
Total: 2.332500 ms (FindLiveObjects: 0.194000 ms CreateObjectMapping: 0.037500 ms MarkObjects: 2.028000 ms  DeleteObjects: 0.071400 ms)

========================================================================
Received Prepare
Registering precompiled user dll's ...
Registered in 0.003359 seconds.
Begin MonoManager ReloadAssembly
Native extension for WindowsStandalone target not found
Refreshing native plugins compatible for Editor in 0.36 ms, found 2 plugins.
Preloading 0 native plugins for Editor in 0.00 ms.
Mono: successfully reloaded assembly
- Completed reload, in  1.227 seconds
Platform modules already initialized, skipping
Refreshing native plugins compatible for Editor in 0.37 ms, found 2 plugins.
Preloading 0 native plugins for Editor in 0.00 ms.
Unloading 1382 Unused Serialized files (Serialized files now loaded: 0)
System memory in use before: 64.7 MB.
System memory in use after: 64.8 MB.

Unloading 14 unused Assets to reduce memory usage. Loaded Objects now: 1839.
Total: 2.292100 ms (FindLiveObjects: 0.187100 ms CreateObjectMapping: 0.037900 ms MarkObjects: 1.986900 ms  DeleteObjects: 0.078700 ms)

========================================================================
Received Import Request.
  path: Assets/Scenes/SwipeMenuButton.cs
  artifactKey: Guid(7e0e137e812572249b353b8c38d425f9) Importer(815301076,1909f56bfc062723c751e8b465ee728b)
Start importing Assets/Scenes/SwipeMenuButton.cs using Guid(7e0e137e812572249b353b8c38d425f9) Importer(815301076,1909f56bfc062723c751e8b465ee728b)  -> (artifact id: '484dd9b4bbc391646bf68f2474197084') in 0.051478 seconds
  Import took 0.055694 seconds .

========================================================================
Received Prepare
Registering precompiled user dll's ...
Registered in 0.003563 seconds.
Begin MonoManager ReloadAssembly
Native extension for WindowsStandalone target not found
Refreshing native plugins compatible for Editor in 0.38 ms, found 2 plugins.
Preloading 0 native plugins for Editor in 0.00 ms.
Mono: successfully reloaded assembly
- Completed reload, in  1.402 seconds
Platform modules already initialized, skipping
Refreshing native plugins compatible for Editor in 0.58 ms, found 2 plugins.
Preloading 0 native plugins for Editor in 0.00 ms.
Unloading 1383 Unused Serialized files (Serialized files now loaded: 0)
System memory in use before: 64.8 MB.
System memory in use after: 64.8 MB.

Unloading 14 unused Assets to reduce memory usage. Loaded Objects now: 1843.
Total: 2.243000 ms (FindLiveObjects: 0.240300 ms CreateObjectMapping: 0.044400 ms MarkObjects: 1.887000 ms  DeleteObjects: 0.069800 ms)

========================================================================
Received Prepare
Registering precompiled user dll's ...
Registered in 0.004198 seconds.
Begin MonoManager ReloadAssembly
Native extension for WindowsStandalone target not found
Refreshing native plugins compatible for Editor in 0.41 ms, found 2 plugins.
Preloading 0 native plugins for Editor in 0.00 ms.
Mono: successfully reloaded assembly
- Completed reload, in  1.253 seconds
Platform modules already initialized, skipping
Refreshing native plugins compatible for Editor in 0.46 ms, found 2 plugins.
Preloading 0 native plugins for Editor in 0.00 ms.
Unloading 1383 Unused Serialized files (Serialized files now loaded: 0)
System memory in use before: 64.8 MB.
System memory in use after: 64.9 MB.

Unloading 14 unused Assets to reduce memory usage. Loaded Objects now: 1846.
Total: 2.292400 ms (FindLiveObjects: 0.189000 ms CreateObjectMapping: 0.037900 ms MarkObjects: 1.984000 ms  DeleteObjects: 0.080200 ms)

========================================================================
Received Import Request.
  Time since last request: 137.210546 seconds.
  path: Assets/Scenes/SwipeMenuButton.cs
  artifactKey: Guid(7e0e137e812572249b353b8c38d425f9) Importer(815301076,1909f56bfc062723c751e8b465ee728b)
Start importing Assets/Scenes/SwipeMenuButton.cs using Guid(7e0e137e812572249b353b8c38d425f9) Importer(815301076,1909f56bfc062723c751e8b465ee728b)  -> (artifact id: '0a5622313cb500e377d7838193fad326') in 0.009070 seconds
  Import took 0.012358 seconds .

========================================================================
Received Prepare
Registering precompiled user dll's ...
Registered in 0.003430 seconds.
Begin MonoManager ReloadAssembly
Native extension for WindowsStandalone target not found
Refreshing native plugins compatible for Editor in 0.37 ms, found 2 plugins.
Preloading 0 native plugins for Editor in 0.00 ms.
Mono: successfully reloaded assembly
- Completed reload, in  1.270 seconds
Platform modules already initialized, skipping
Refreshing native plugins compatible for Editor in 0.36 ms, found 2 plugins.
Preloading 0 native plugins for Editor in 0.00 ms.
Unloading 1383 Unused Serialized files (Serialized files now loaded: 0)
System memory in use before: 64.8 MB.
System memory in use after: 64.9 MB.

Unloading 14 unused Assets to reduce memory usage. Loaded Objects now: 1849.
Total: 2.309700 ms (FindLiveObjects: 0.218000 ms CreateObjectMapping: 0.043000 ms MarkObjects: 1.976400 ms  DeleteObjects: 0.071200 ms)

========================================================================
Received Prepare
Registering precompiled user dll's ...
Registered in 0.003073 seconds.
Begin MonoManager ReloadAssembly
Native extension for WindowsStandalone target not found
Refreshing native plugins compatible for Editor in 0.38 ms, found 2 plugins.
Preloading 0 native plugins for Editor in 0.00 ms.
Mono: successfully reloaded assembly
- Completed reload, in  1.291 seconds
Platform modules already initialized, skipping
Refreshing native plugins compatible for Editor in 0.40 ms, found 2 plugins.
Preloading 0 native plugins for Editor in 0.00 ms.
Unloading 1383 Unused Serialized files (Serialized files now loaded: 0)
System memory in use before: 64.8 MB.
System memory in use after: 64.9 MB.

Unloading 14 unused Assets to reduce memory usage. Loaded Objects now: 1852.
Total: 3.578800 ms (FindLiveObjects: 0.199000 ms CreateObjectMapping: 0.044500 ms MarkObjects: 3.244800 ms  DeleteObjects: 0.088700 ms)

========================================================================
Received Prepare
Registering precompiled user dll's ...
Registered in 0.003053 seconds.
Begin MonoManager ReloadAssembly
Native extension for WindowsStandalone target not found
Refreshing native plugins compatible for Editor in 0.37 ms, found 2 plugins.
Preloading 0 native plugins for Editor in 0.00 ms.
Mono: successfully reloaded assembly
- Completed reload, in  1.293 seconds
Platform modules already initialized, skipping
Refreshing native plugins compatible for Editor in 0.36 ms, found 2 plugins.
Preloading 0 native plugins for Editor in 0.00 ms.
Unloading 1383 Unused Serialized files (Serialized files now loaded: 0)
System memory in use before: 64.8 MB.
System memory in use after: 64.9 MB.

Unloading 14 unused Assets to reduce memory usage. Loaded Objects now: 1855.
Total: 2.242100 ms (FindLiveObjects: 0.187000 ms CreateObjectMapping: 0.037900 ms MarkObjects: 1.946000 ms  DeleteObjects: 0.070100 ms)

========================================================================
Received Prepare
Registering precompiled user dll's ...
Registered in 0.003926 seconds.
Begin MonoManager ReloadAssembly
Native extension for WindowsStandalone target not found
Refreshing native plugins compatible for Editor in 0.36 ms, found 2 plugins.
Preloading 0 native plugins for Editor in 0.00 ms.
Mono: successfully reloaded assembly
- Completed reload, in  1.222 seconds
Platform modules already initialized, skipping
Refreshing native plugins compatible for Editor in 0.42 ms, found 2 plugins.
Preloading 0 native plugins for Editor in 0.00 ms.
Unloading 1383 Unused Serialized files (Serialized files now loaded: 0)
System memory in use before: 64.8 MB.
System memory in use after: 64.9 MB.

Unloading 14 unused Assets to reduce memory usage. Loaded Objects now: 1858.
Total: 2.613100 ms (FindLiveObjects: 0.263100 ms CreateObjectMapping: 0.062000 ms MarkObjects: 2.208900 ms  DeleteObjects: 0.077200 ms)

========================================================================
Received Prepare
Registering precompiled user dll's ...
Registered in 0.018578 seconds.
Begin MonoManager ReloadAssembly
Native extension for WindowsStandalone target not found
Refreshing native plugins compatible for Editor in 0.72 ms, found 2 plugins.
Preloading 0 native plugins for Editor in 0.00 ms.
Mono: successfully reloaded assembly
- Completed reload, in  1.953 seconds
Platform modules already initialized, skipping
Refreshing native plugins compatible for Editor in 0.36 ms, found 2 plugins.
Preloading 0 native plugins for Editor in 0.00 ms.
Unloading 1383 Unused Serialized files (Serialized files now loaded: 0)
System memory in use before: 64.8 MB.
System memory in use after: 64.9 MB.

Unloading 14 unused Assets to reduce memory usage. Loaded Objects now: 1861.
Total: 2.489700 ms (FindLiveObjects: 0.187400 ms CreateObjectMapping: 0.042400 ms MarkObjects: 2.176900 ms  DeleteObjects: 0.081300 ms)

========================================================================
Received Prepare
Registering precompiled user dll's ...
Registered in 0.007980 seconds.
Begin MonoManager ReloadAssembly
Native extension for WindowsStandalone target not found
Refreshing native plugins compatible for Editor in 0.71 ms, found 2 plugins.
Preloading 0 native plugins for Editor in 0.00 ms.
Mono: successfully reloaded assembly
- Completed reload, in  1.782 seconds
Platform modules already initialized, skipping
Refreshing native plugins compatible for Editor in 0.37 ms, found 2 plugins.
Preloading 0 native plugins for Editor in 0.00 ms.
Unloading 1383 Unused Serialized files (Serialized files now loaded: 0)
System memory in use before: 64.8 MB.
System memory in use after: 64.9 MB.

Unloading 14 unused Assets to reduce memory usage. Loaded Objects now: 1864.
Total: 2.350200 ms (FindLiveObjects: 0.197100 ms CreateObjectMapping: 0.036800 ms MarkObjects: 2.041300 ms  DeleteObjects: 0.073200 ms)

========================================================================
Received Prepare
Registering precompiled user dll's ...
Registered in 0.006781 seconds.
Begin MonoManager ReloadAssembly
Native extension for WindowsStandalone target not found
Refreshing native plugins compatible for Editor in 0.71 ms, found 2 plugins.
Preloading 0 native plugins for Editor in 0.00 ms.
Mono: successfully reloaded assembly
- Completed reload, in  1.917 seconds
Platform modules already initialized, skipping
Refreshing native plugins compatible for Editor in 0.70 ms, found 2 plugins.
Preloading 0 native plugins for Editor in 0.00 ms.
Unloading 1383 Unused Serialized files (Serialized files now loaded: 0)
System memory in use before: 64.8 MB.
System memory in use after: 64.9 MB.

Unloading 14 unused Assets to reduce memory usage. Loaded Objects now: 1867.
Total: 4.672300 ms (FindLiveObjects: 0.322800 ms CreateObjectMapping: 0.084900 ms MarkObjects: 4.134100 ms  DeleteObjects: 0.128100 ms)

========================================================================
Received Prepare
Registering precompiled user dll's ...
Registered in 0.003423 seconds.
Begin MonoManager ReloadAssembly
Native extension for WindowsStandalone target not found
Refreshing native plugins compatible for Editor in 0.48 ms, found 2 plugins.
Preloading 0 native plugins for Editor in 0.00 ms.
Mono: successfully reloaded assembly
- Completed reload, in  1.617 seconds
Platform modules already initialized, skipping
Refreshing native plugins compatible for Editor in 0.65 ms, found 2 plugins.
Preloading 0 native plugins for Editor in 0.00 ms.
Unloading 1383 Unused Serialized files (Serialized files now loaded: 0)
System memory in use before: 64.8 MB.
System memory in use after: 64.9 MB.

Unloading 14 unused Assets to reduce memory usage. Loaded Objects now: 1870.
Total: 3.597000 ms (FindLiveObjects: 0.370700 ms CreateObjectMapping: 0.059500 ms MarkObjects: 3.057000 ms  DeleteObjects: 0.106500 ms)

========================================================================
Received Prepare
Registering precompiled user dll's ...
Registered in 0.006162 seconds.
Begin MonoManager ReloadAssembly
Native extension for WindowsStandalone target not found
Refreshing native plugins compatible for Editor in 0.37 ms, found 2 plugins.
Preloading 0 native plugins for Editor in 0.00 ms.
Mono: successfully reloaded assembly
- Completed reload, in  2.413 seconds
Platform modules already initialized, skipping
Refreshing native plugins compatible for Editor in 0.69 ms, found 2 plugins.
Preloading 0 native plugins for Editor in 0.00 ms.
Unloading 1383 Unused Serialized files (Serialized files now loaded: 0)
System memory in use before: 64.8 MB.
System memory in use after: 64.9 MB.

Unloading 14 unused Assets to reduce memory usage. Loaded Objects now: 1873.
Total: 5.135500 ms (FindLiveObjects: 0.310800 ms CreateObjectMapping: 0.084800 ms MarkObjects: 4.608600 ms  DeleteObjects: 0.128700 ms)

========================================================================
Received Import Request.
  Time since last request: 5039.225325 seconds.
  path: Assets/Scenes/home.png
  artifactKey: Guid(425551add029bed4988b133b5a487711) Importer(815301076,1909f56bfc062723c751e8b465ee728b)
Start importing Assets/Scenes/home.png using Guid(425551add029bed4988b133b5a487711) Importer(815301076,1909f56bfc062723c751e8b465ee728b)  -> (artifact id: 'b53bc0f828436ccbff50be1f99375edd') in 0.146016 seconds
  Import took 0.151499 seconds .

========================================================================
Received Import Request.
  Time since last request: 0.002412 seconds.
  path: Assets/Scenes/home.png
  artifactKey: Guid(425551add029bed4988b133b5a487711) Importer(815301076,1909f56bfc062723c751e8b465ee728b)
Start importing Assets/Scenes/home.png using Guid(425551add029bed4988b133b5a487711) Importer(815301076,1909f56bfc062723c751e8b465ee728b)  -> (artifact id: 'b53bc0f828436ccbff50be1f99375edd') in 0.013388 seconds
  Import took 0.019064 seconds .

========================================================================
Received Import Request.
  Time since last request: 0.617235 seconds.
  path: Assets/Scenes/podium.png
  artifactKey: Guid(c836485aa87955f46b92f62515c8d4d0) Importer(815301076,1909f56bfc062723c751e8b465ee728b)
Start importing Assets/Scenes/podium.png using Guid(c836485aa87955f46b92f62515c8d4d0) Importer(815301076,1909f56bfc062723c751e8b465ee728b)  -> (artifact id: '8ab5e3eaf36a81b7ca014c914905b534') in 0.030202 seconds
  Import took 0.033709 seconds .

========================================================================
Received Import Request.
  Time since last request: 1.089370 seconds.
  path: Assets/Scenes/shopping-cart.png
  artifactKey: Guid(fecd380944884aa42b0a5f1d140fdf1c) Importer(815301076,1909f56bfc062723c751e8b465ee728b)
Start importing Assets/Scenes/shopping-cart.png using Guid(fecd380944884aa42b0a5f1d140fdf1c) Importer(815301076,1909f56bfc062723c751e8b465ee728b)  -> (artifact id: 'ae36bc9128a9f41d9a8bcb3306896c72') in 0.017863 seconds
  Import took 0.021945 seconds .

========================================================================
Received Import Request.
  Time since last request: 1.027373 seconds.
  path: Assets/Scenes/friends.png
  artifactKey: Guid(a7a757f2e4e55764e868a08da1c76acb) Importer(815301076,1909f56bfc062723c751e8b465ee728b)
Start importing Assets/Scenes/friends.png using Guid(a7a757f2e4e55764e868a08da1c76acb) Importer(815301076,1909f56bfc062723c751e8b465ee728b)  -> (artifact id: 'e91d5186e851b50b79e4fa54561d95c0') in 0.029597 seconds
  Import took 0.033333 seconds .

========================================================================
Received Import Request.
  Time since last request: 0.000878 seconds.
  path: Assets/Scenes/friends.png
  artifactKey: Guid(a7a757f2e4e55764e868a08da1c76acb) Importer(815301076,1909f56bfc062723c751e8b465ee728b)
Start importing Assets/Scenes/friends.png using Guid(a7a757f2e4e55764e868a08da1c76acb) Importer(815301076,1909f56bfc062723c751e8b465ee728b)  -> (artifact id: 'e91d5186e851b50b79e4fa54561d95c0') in 0.012957 seconds
  Import took 0.015912 seconds .

========================================================================
Received Import Request.
  Time since last request: 6.602870 seconds.
  path: Assets/Scenes/friends.png
  artifactKey: Guid(a7a757f2e4e55764e868a08da1c76acb) Importer(815301076,1909f56bfc062723c751e8b465ee728b)
Start importing Assets/Scenes/friends.png using Guid(a7a757f2e4e55764e868a08da1c76acb) Importer(815301076,1909f56bfc062723c751e8b465ee728b)  -> (artifact id: 'cc72f80b004d66dcc4dbdfdd534e8a1f') in 0.107590 seconds
  Import took 0.113353 seconds .

========================================================================
Received Import Request.
  Time since last request: 53.218784 seconds.
  path: Assets/Scenes/friends.png
  artifactKey: Guid(a7a757f2e4e55764e868a08da1c76acb) Importer(815301076,1909f56bfc062723c751e8b465ee728b)
Start importing Assets/Scenes/friends.png using Guid(a7a757f2e4e55764e868a08da1c76acb) Importer(815301076,1909f56bfc062723c751e8b465ee728b)  -> (artifact id: '4231fd09e72a240bba1c30fe1d86c62f') in 0.022906 seconds
  Import took 0.027761 seconds .

========================================================================
Received Import Request.
  Time since last request: 418.561547 seconds.
  path: Assets/Scenes/shopping-cart.png
  artifactKey: Guid(fecd380944884aa42b0a5f1d140fdf1c) Importer(815301076,1909f56bfc062723c751e8b465ee728b)
Start importing Assets/Scenes/shopping-cart.png using Guid(fecd380944884aa42b0a5f1d140fdf1c) Importer(815301076,1909f56bfc062723c751e8b465ee728b)  -> (artifact id: '55a65f78a7e5c32ad799157dc36b2b0e') in 0.015772 seconds
  Import took 0.019299 seconds .

========================================================================
Received Import Request.
  Time since last request: 0.010685 seconds.
  path: Assets/Scenes/podium.png
  artifactKey: Guid(c836485aa87955f46b92f62515c8d4d0) Importer(815301076,1909f56bfc062723c751e8b465ee728b)
Start importing Assets/Scenes/podium.png using Guid(c836485aa87955f46b92f62515c8d4d0) Importer(815301076,1909f56bfc062723c751e8b465ee728b)  -> (artifact id: 'f8ca4d2af78389c843f49c5dfd4cddfb') in 0.014232 seconds
  Import took 0.017701 seconds .

========================================================================
Received Import Request.
  Time since last request: 0.012896 seconds.
  path: Assets/Scenes/SwipeMenuButton.cs
  artifactKey: Guid(7e0e137e812572249b353b8c38d425f9) Importer(815301076,1909f56bfc062723c751e8b465ee728b)
Start importing Assets/Scenes/SwipeMenuButton.cs using Guid(7e0e137e812572249b353b8c38d425f9) Importer(815301076,1909f56bfc062723c751e8b465ee728b)  -> (artifact id: 'b79f8a865d311f087796f3706021950a') in 0.007958 seconds
  Import took 0.012504 seconds .

========================================================================
Received Import Request.
  Time since last request: 0.010571 seconds.
  path: Assets/Scenes/home.png
  artifactKey: Guid(425551add029bed4988b133b5a487711) Importer(815301076,1909f56bfc062723c751e8b465ee728b)
Start importing Assets/Scenes/home.png using Guid(425551add029bed4988b133b5a487711) Importer(815301076,1909f56bfc062723c751e8b465ee728b)  -> (artifact id: 'cb984eb615c736b6034d0400624ea474') in 0.013868 seconds
  Import took 0.016730 seconds .

========================================================================
Received Import Request.
  Time since last request: 0.015908 seconds.
  path: Assets/Scenes/setting.png
  artifactKey: Guid(9c8776e9cfa27e149b922b2e1b0db60e) Importer(815301076,1909f56bfc062723c751e8b465ee728b)
Start importing Assets/Scenes/setting.png using Guid(9c8776e9cfa27e149b922b2e1b0db60e) Importer(815301076,1909f56bfc062723c751e8b465ee728b)  -> (artifact id: 'fbe764af816f254bec600a3c9e6fbbd6') in 0.013608 seconds
  Import took 0.016898 seconds .

========================================================================
Received Import Request.
  Time since last request: 0.010167 seconds.
  path: Assets/Scenes/SampleScene.unity
  artifactKey: Guid(9fc0d4010bbf28b4594072e72b8655ab) Importer(815301076,1909f56bfc062723c751e8b465ee728b)
Start importing Assets/Scenes/SampleScene.unity using Guid(9fc0d4010bbf28b4594072e72b8655ab) Importer(815301076,1909f56bfc062723c751e8b465ee728b)  -> (artifact id: 'e4d2944ffe85267e2dd01b478ac9a418') in 0.006335 seconds
  Import took 0.009213 seconds .

========================================================================
Received Import Request.
  Time since last request: 0.008034 seconds.
  path: Assets/Scenes/SwipeMenu.cs
  artifactKey: Guid(3edbf287e99e86249a091b96e0ae4ec6) Importer(815301076,1909f56bfc062723c751e8b465ee728b)
Start importing Assets/Scenes/SwipeMenu.cs using Guid(3edbf287e99e86249a091b96e0ae4ec6) Importer(815301076,1909f56bfc062723c751e8b465ee728b)  -> (artifact id: '5bb31f4a1f26b395fbad283ff56a2a20') in 0.005849 seconds
  Import took 0.008922 seconds .

AssetImportWorkerClient::OnTransportError - code=2 error=End of file
